e:\steel engine\steel\bin-int\debug-windows-x86_64\steel\steel.pch
e:\steel engine\steel\bin-int\debug-windows-x86_64\steel\steel.pdb
e:\steel engine\steel\bin-int\debug-windows-x86_64\steel\steel.idb
e:\steel engine\steel\bin-int\debug-windows-x86_64\steel\windowsinput.obj
e:\steel engine\steel\bin-int\debug-windows-x86_64\steel\windowswindow.obj
e:\steel engine\steel\bin-int\debug-windows-x86_64\steel\application.obj
e:\steel engine\steel\bin-int\debug-windows-x86_64\steel\log.obj
e:\steel engine\steel\bin-int\debug-windows-x86_64\steel\imguibuild.obj
e:\steel engine\steel\bin-int\debug-windows-x86_64\steel\imguilayer.obj
e:\steel engine\steel\bin-int\debug-windows-x86_64\steel\input.obj
e:\steel engine\steel\bin-int\debug-windows-x86_64\steel\layer.obj
e:\steel engine\steel\bin-int\debug-windows-x86_64\steel\layerstack.obj
e:\steel engine\steel\bin-int\debug-windows-x86_64\steel\pch.obj
e:\steel engine\steel\bin\debug-windows-x86_64\steel\steel.lib
e:\steel engine\steel\steel\..\bin\debug-windows-x86_64\steel\steel.lib
e:\steel engine\steel\bin-int\debug-windows-x86_64\steel\steel.tlog\cl.command.1.tlog
e:\steel engine\steel\bin-int\debug-windows-x86_64\steel\steel.tlog\cl.read.1.tlog
e:\steel engine\steel\bin-int\debug-windows-x86_64\steel\steel.tlog\cl.write.1.tlog
e:\steel engine\steel\bin-int\debug-windows-x86_64\steel\steel.tlog\lib-link.read.1.tlog
e:\steel engine\steel\bin-int\debug-windows-x86_64\steel\steel.tlog\lib-link.write.1.tlog
e:\steel engine\steel\bin-int\debug-windows-x86_64\steel\steel.tlog\lib.command.1.tlog
