  WindowsInput.cpp
E:\steel engine\steel\steel\Source\Steel\Debug\Log.hpp(19,56): warning C4251: 'Steel::Log::myEngineLogger': class 'std::shared_ptr<spdlog::logger>' needs to have dll-interface to be used by clients of class 'Steel::Log'
E:\steel engine\steel\steel\ThirdParty\spdlog\include\spdlog\details\registry.h(34): message : see declaration of 'std::shared_ptr<spdlog::logger>'
E:\steel engine\steel\steel\Source\Steel\Debug\Log.hpp(20,54): warning C4251: 'Steel::Log::myGameLogger': class 'std::shared_ptr<spdlog::logger>' needs to have dll-interface to be used by clients of class 'Steel::Log'
E:\steel engine\steel\steel\ThirdParty\spdlog\include\spdlog\details\registry.h(34): message : see declaration of 'std::shared_ptr<spdlog::logger>'
E:\steel engine\steel\steel\Source\Steel\Layer.hpp(24,26): warning C4251: 'Steel::Layer::myDebugName': class 'std::basic_string<char,std::char_traits<char>,std::allocator<char>>' needs to have dll-interface to be used by clients of class 'Steel::Layer'
C:\Program Files (x86)\Microsoft Visual Studio\2019\Community\VC\Tools\MSVC\14.23.28105\include\xstring(4440): message : see declaration of 'std::basic_string<char,std::char_traits<char>,std::allocator<char>>'
E:\steel engine\steel\steel\Source\Steel\LayerStack.hpp(25,31): warning C4251: 'Steel::LayerStack::myLayers': class 'std::vector<Steel::Layer *,std::allocator<_Ty>>' needs to have dll-interface to be used by clients of class 'Steel::LayerStack'
E:\steel engine\steel\steel\Source\Steel\LayerStack.hpp(25,31): warning C4251:         with
E:\steel engine\steel\steel\Source\Steel\LayerStack.hpp(25,31): warning C4251:         [
E:\steel engine\steel\steel\Source\Steel\LayerStack.hpp(25,31): warning C4251:             _Ty=Steel::Layer *
E:\steel engine\steel\steel\Source\Steel\LayerStack.hpp(25,31): warning C4251:         ]
E:\steel engine\steel\steel\Source\Steel\LayerStack.hpp(21): message : see declaration of 'std::vector<Steel::Layer *,std::allocator<_Ty>>'
E:\steel engine\steel\steel\Source\Steel\LayerStack.hpp(21): message :         with
E:\steel engine\steel\steel\Source\Steel\LayerStack.hpp(21): message :         [
E:\steel engine\steel\steel\Source\Steel\LayerStack.hpp(21): message :             _Ty=Steel::Layer *
E:\steel engine\steel\steel\Source\Steel\LayerStack.hpp(21): message :         ]
E:\steel engine\steel\steel\Source\Steel\Application.hpp(41,35): warning C4251: 'Steel::Application::myWindow': class 'std::unique_ptr<Steel::Window,std::default_delete<_Ty>>' needs to have dll-interface to be used by clients of class 'Steel::Application'
E:\steel engine\steel\steel\Source\Steel\Application.hpp(41,35): warning C4251:         with
E:\steel engine\steel\steel\Source\Steel\Application.hpp(41,35): warning C4251:         [
E:\steel engine\steel\steel\Source\Steel\Application.hpp(41,35): warning C4251:             _Ty=Steel::Window
E:\steel engine\steel\steel\Source\Steel\Application.hpp(41,35): warning C4251:         ]
  WindowsWindow.cpp
E:\steel engine\steel\steel\Source\Steel\Application.hpp(41): message : see declaration of 'std::unique_ptr<Steel::Window,std::default_delete<_Ty>>'
E:\steel engine\steel\steel\Source\Steel\Application.hpp(41): message :         with
E:\steel engine\steel\steel\Source\Steel\Application.hpp(41): message :         [
E:\steel engine\steel\steel\Source\Steel\Application.hpp(41): message :             _Ty=Steel::Window
E:\steel engine\steel\steel\Source\Steel\Application.hpp(41): message :         ]
E:\steel engine\steel\steel\Source\Steel\Debug\Log.hpp(19,56): warning C4251: 'Steel::Log::myEngineLogger': class 'std::shared_ptr<spdlog::logger>' needs to have dll-interface to be used by clients of class 'Steel::Log'
E:\steel engine\steel\steel\ThirdParty\spdlog\include\spdlog\details\registry.h(34): message : see declaration of 'std::shared_ptr<spdlog::logger>'
E:\steel engine\steel\steel\Source\Steel\Debug\Log.hpp(20,54): warning C4251: 'Steel::Log::myGameLogger': class 'std::shared_ptr<spdlog::logger>' needs to have dll-interface to be used by clients of class 'Steel::Log'
  Application.cpp
E:\steel engine\steel\steel\ThirdParty\spdlog\include\spdlog\details\registry.h(34): message : see declaration of 'std::shared_ptr<spdlog::logger>'
E:\steel engine\steel\steel\Source\Steel\Debug\Log.hpp(19,56): warning C4251: 'Steel::Log::myEngineLogger': class 'std::shared_ptr<spdlog::logger>' needs to have dll-interface to be used by clients of class 'Steel::Log'
E:\steel engine\steel\steel\ThirdParty\spdlog\include\spdlog\details\registry.h(34): message : see declaration of 'std::shared_ptr<spdlog::logger>'
E:\steel engine\steel\steel\Source\Steel\Debug\Log.hpp(20,54): warning C4251: 'Steel::Log::myGameLogger': class 'std::shared_ptr<spdlog::logger>' needs to have dll-interface to be used by clients of class 'Steel::Log'
E:\steel engine\steel\steel\ThirdParty\spdlog\include\spdlog\details\registry.h(34): message : see declaration of 'std::shared_ptr<spdlog::logger>'
E:\steel engine\steel\steel\Source\Steel\Layer.hpp(24,26): warning C4251: 'Steel::Layer::myDebugName': class 'std::basic_string<char,std::char_traits<char>,std::allocator<char>>' needs to have dll-interface to be used by clients of class 'Steel::Layer'
C:\Program Files (x86)\Microsoft Visual Studio\2019\Community\VC\Tools\MSVC\14.23.28105\include\xstring(4440): message : see declaration of 'std::basic_string<char,std::char_traits<char>,std::allocator<char>>'
E:\steel engine\steel\steel\Source\Steel\LayerStack.hpp(25,31): warning C4251: 'Steel::LayerStack::myLayers': class 'std::vector<Steel::Layer *,std::allocator<_Ty>>' needs to have dll-interface to be used by clients of class 'Steel::LayerStack'
E:\steel engine\steel\steel\Source\Steel\LayerStack.hpp(25,31): warning C4251:         with
E:\steel engine\steel\steel\Source\Steel\LayerStack.hpp(25,31): warning C4251:         [
E:\steel engine\steel\steel\Source\Steel\LayerStack.hpp(25,31): warning C4251:             _Ty=Steel::Layer *
E:\steel engine\steel\steel\Source\Steel\LayerStack.hpp(25,31): warning C4251:         ]
E:\steel engine\steel\steel\Source\Steel\LayerStack.hpp(21): message : see declaration of 'std::vector<Steel::Layer *,std::allocator<_Ty>>'
E:\steel engine\steel\steel\Source\Steel\LayerStack.hpp(21): message :         with
E:\steel engine\steel\steel\Source\Steel\LayerStack.hpp(21): message :         [
E:\steel engine\steel\steel\Source\Steel\LayerStack.hpp(21): message :             _Ty=Steel::Layer *
E:\steel engine\steel\steel\Source\Steel\LayerStack.hpp(21): message :         ]
E:\steel engine\steel\steel\Source\Steel\Application.hpp(41,35): warning C4251: 'Steel::Application::myWindow': class 'std::unique_ptr<Steel::Window,std::default_delete<_Ty>>' needs to have dll-interface to be used by clients of class 'Steel::Application'
E:\steel engine\steel\steel\Source\Steel\Application.hpp(41,35): warning C4251:         with
E:\steel engine\steel\steel\Source\Steel\Application.hpp(41,35): warning C4251:         [
E:\steel engine\steel\steel\Source\Steel\Application.hpp(41,35): warning C4251:             _Ty=Steel::Window
E:\steel engine\steel\steel\Source\Steel\Application.hpp(41,35): warning C4251:         ]
  Log.cpp
E:\steel engine\steel\steel\Source\Steel\Application.hpp(41): message : see declaration of 'std::unique_ptr<Steel::Window,std::default_delete<_Ty>>'
E:\steel engine\steel\steel\Source\Steel\Application.hpp(41): message :         with
E:\steel engine\steel\steel\Source\Steel\Application.hpp(41): message :         [
E:\steel engine\steel\steel\Source\Steel\Application.hpp(41): message :             _Ty=Steel::Window
E:\steel engine\steel\steel\Source\Steel\Application.hpp(41): message :         ]
E:\steel engine\steel\steel\Source\Steel\Debug\Log.hpp(19,56): warning C4251: 'Steel::Log::myEngineLogger': class 'std::shared_ptr<spdlog::logger>' needs to have dll-interface to be used by clients of class 'Steel::Log'
E:\steel engine\steel\steel\ThirdParty\spdlog\include\spdlog\details\registry.h(34): message : see declaration of 'std::shared_ptr<spdlog::logger>'
E:\steel engine\steel\steel\Source\Steel\Debug\Log.hpp(20,54): warning C4251: 'Steel::Log::myGameLogger': class 'std::shared_ptr<spdlog::logger>' needs to have dll-interface to be used by clients of class 'Steel::Log'
  ImGuiBuild.cpp
E:\steel engine\steel\steel\ThirdParty\spdlog\include\spdlog\details\registry.h(34): message : see declaration of 'std::shared_ptr<spdlog::logger>'
E:\steel engine\steel\steel\Source\Steel\Debug\Log.hpp(19,56): warning C4251: 'Steel::Log::myEngineLogger': class 'std::shared_ptr<spdlog::logger>' needs to have dll-interface to be used by clients of class 'Steel::Log'
E:\steel engine\steel\steel\ThirdParty\spdlog\include\spdlog\details\registry.h(34): message : see declaration of 'std::shared_ptr<spdlog::logger>'
E:\steel engine\steel\steel\Source\Steel\Debug\Log.hpp(20,54): warning C4251: 'Steel::Log::myGameLogger': class 'std::shared_ptr<spdlog::logger>' needs to have dll-interface to be used by clients of class 'Steel::Log'
E:\steel engine\steel\steel\ThirdParty\spdlog\include\spdlog\details\registry.h(34): message : see declaration of 'std::shared_ptr<spdlog::logger>'
E:\steel engine\steel\steel\ThirdParty\imgui\examples\imgui_impl_opengl3.cpp(194,45): warning C4996: 'strcpy': This function or variable may be unsafe. Consider using strcpy_s instead. To disable deprecation, use _CRT_SECURE_NO_WARNINGS. See online help for details.
C:\Program Files (x86)\Windows Kits\10\Include\10.0.18362.0\ucrt\string.h(133): message : see declaration of 'strcpy'
E:\steel engine\steel\steel\ThirdParty\imgui\examples\imgui_impl_opengl3.cpp(195,37): warning C4996: 'strcat': This function or variable may be unsafe. Consider using strcat_s instead. To disable deprecation, use _CRT_SECURE_NO_WARNINGS. See online help for details.
C:\Program Files (x86)\Windows Kits\10\Include\10.0.18362.0\ucrt\string.h(90): message : see declaration of 'strcat'
E:\steel engine\steel\steel\ThirdParty\imgui\examples\imgui_impl_opengl3.cpp(521,1): warning C4996: 'sscanf': This function or variable may be unsafe. Consider using sscanf_s instead. To disable deprecation, use _CRT_SECURE_NO_WARNINGS. See online help for details.
  ImGuiLayer.cpp
C:\Program Files (x86)\Windows Kits\10\Include\10.0.18362.0\ucrt\stdio.h(2263): message : see declaration of 'sscanf'
E:\steel engine\steel\steel\Source\Steel\Debug\Log.hpp(19,56): warning C4251: 'Steel::Log::myEngineLogger': class 'std::shared_ptr<spdlog::logger>' needs to have dll-interface to be used by clients of class 'Steel::Log'
E:\steel engine\steel\steel\ThirdParty\spdlog\include\spdlog\details\registry.h(34): message : see declaration of 'std::shared_ptr<spdlog::logger>'
E:\steel engine\steel\steel\Source\Steel\Debug\Log.hpp(20,54): warning C4251: 'Steel::Log::myGameLogger': class 'std::shared_ptr<spdlog::logger>' needs to have dll-interface to be used by clients of class 'Steel::Log'
E:\steel engine\steel\steel\ThirdParty\spdlog\include\spdlog\details\registry.h(34): message : see declaration of 'std::shared_ptr<spdlog::logger>'
E:\steel engine\steel\steel\Source\Steel\Layer.hpp(24,26): warning C4251: 'Steel::Layer::myDebugName': class 'std::basic_string<char,std::char_traits<char>,std::allocator<char>>' needs to have dll-interface to be used by clients of class 'Steel::Layer'
C:\Program Files (x86)\Microsoft Visual Studio\2019\Community\VC\Tools\MSVC\14.23.28105\include\xstring(4440): message : see declaration of 'std::basic_string<char,std::char_traits<char>,std::allocator<char>>'
E:\steel engine\steel\steel\Source\Steel\LayerStack.hpp(25,31): warning C4251: 'Steel::LayerStack::myLayers': class 'std::vector<Steel::Layer *,std::allocator<_Ty>>' needs to have dll-interface to be used by clients of class 'Steel::LayerStack'
E:\steel engine\steel\steel\Source\Steel\LayerStack.hpp(25,31): warning C4251:         with
E:\steel engine\steel\steel\Source\Steel\LayerStack.hpp(25,31): warning C4251:         [
E:\steel engine\steel\steel\Source\Steel\LayerStack.hpp(25,31): warning C4251:             _Ty=Steel::Layer *
E:\steel engine\steel\steel\Source\Steel\LayerStack.hpp(25,31): warning C4251:         ]
E:\steel engine\steel\steel\Source\Steel\LayerStack.hpp(21): message : see declaration of 'std::vector<Steel::Layer *,std::allocator<_Ty>>'
E:\steel engine\steel\steel\Source\Steel\LayerStack.hpp(21): message :         with
E:\steel engine\steel\steel\Source\Steel\LayerStack.hpp(21): message :         [
E:\steel engine\steel\steel\Source\Steel\LayerStack.hpp(21): message :             _Ty=Steel::Layer *
E:\steel engine\steel\steel\Source\Steel\LayerStack.hpp(21): message :         ]
E:\steel engine\steel\steel\Source\Steel\Application.hpp(41,35): warning C4251: 'Steel::Application::myWindow': class 'std::unique_ptr<Steel::Window,std::default_delete<_Ty>>' needs to have dll-interface to be used by clients of class 'Steel::Application'
E:\steel engine\steel\steel\Source\Steel\Application.hpp(41,35): warning C4251:         with
E:\steel engine\steel\steel\Source\Steel\Application.hpp(41,35): warning C4251:         [
E:\steel engine\steel\steel\Source\Steel\Application.hpp(41,35): warning C4251:             _Ty=Steel::Window
E:\steel engine\steel\steel\Source\Steel\Application.hpp(41,35): warning C4251:         ]
E:\steel engine\steel\steel\Source\Steel\Application.hpp(41): message : see declaration of 'std::unique_ptr<Steel::Window,std::default_delete<_Ty>>'
E:\steel engine\steel\steel\Source\Steel\Application.hpp(41): message :         with
E:\steel engine\steel\steel\Source\Steel\Application.hpp(41): message :         [
E:\steel engine\steel\steel\Source\Steel\Application.hpp(41): message :             _Ty=Steel::Window
E:\steel engine\steel\steel\Source\Steel\Application.hpp(41): message :         ]
E:\steel engine\steel\steel\Source\Steel\ImGui\ImGuiLayer.cpp(74,80): warning C4244: 'argument': conversion from 'unsigned int' to 'float', possible loss of data
  Input.cpp
E:\steel engine\steel\steel\Source\Steel\ImGui\ImGuiLayer.cpp(74,51): warning C4244: 'argument': conversion from 'unsigned int' to 'float', possible loss of data
E:\steel engine\steel\steel\Source\Steel\Debug\Log.hpp(19,56): warning C4251: 'Steel::Log::myEngineLogger': class 'std::shared_ptr<spdlog::logger>' needs to have dll-interface to be used by clients of class 'Steel::Log'
E:\steel engine\steel\steel\ThirdParty\spdlog\include\spdlog\details\registry.h(34): message : see declaration of 'std::shared_ptr<spdlog::logger>'
E:\steel engine\steel\steel\Source\Steel\Debug\Log.hpp(20,54): warning C4251: 'Steel::Log::myGameLogger': class 'std::shared_ptr<spdlog::logger>' needs to have dll-interface to be used by clients of class 'Steel::Log'
  Layer.cpp
E:\steel engine\steel\steel\ThirdParty\spdlog\include\spdlog\details\registry.h(34): message : see declaration of 'std::shared_ptr<spdlog::logger>'
E:\steel engine\steel\steel\Source\Steel\Debug\Log.hpp(19,56): warning C4251: 'Steel::Log::myEngineLogger': class 'std::shared_ptr<spdlog::logger>' needs to have dll-interface to be used by clients of class 'Steel::Log'
E:\steel engine\steel\steel\ThirdParty\spdlog\include\spdlog\details\registry.h(34): message : see declaration of 'std::shared_ptr<spdlog::logger>'
E:\steel engine\steel\steel\Source\Steel\Debug\Log.hpp(20,54): warning C4251: 'Steel::Log::myGameLogger': class 'std::shared_ptr<spdlog::logger>' needs to have dll-interface to be used by clients of class 'Steel::Log'
E:\steel engine\steel\steel\ThirdParty\spdlog\include\spdlog\details\registry.h(34): message : see declaration of 'std::shared_ptr<spdlog::logger>'
E:\steel engine\steel\steel\Source\Steel\Layer.hpp(24,26): warning C4251: 'Steel::Layer::myDebugName': class 'std::basic_string<char,std::char_traits<char>,std::allocator<char>>' needs to have dll-interface to be used by clients of class 'Steel::Layer'
  LayerStack.cpp
C:\Program Files (x86)\Microsoft Visual Studio\2019\Community\VC\Tools\MSVC\14.23.28105\include\xstring(4440): message : see declaration of 'std::basic_string<char,std::char_traits<char>,std::allocator<char>>'
E:\steel engine\steel\steel\Source\Steel\Debug\Log.hpp(19,56): warning C4251: 'Steel::Log::myEngineLogger': class 'std::shared_ptr<spdlog::logger>' needs to have dll-interface to be used by clients of class 'Steel::Log'
E:\steel engine\steel\steel\ThirdParty\spdlog\include\spdlog\details\registry.h(34): message : see declaration of 'std::shared_ptr<spdlog::logger>'
E:\steel engine\steel\steel\Source\Steel\Debug\Log.hpp(20,54): warning C4251: 'Steel::Log::myGameLogger': class 'std::shared_ptr<spdlog::logger>' needs to have dll-interface to be used by clients of class 'Steel::Log'
E:\steel engine\steel\steel\ThirdParty\spdlog\include\spdlog\details\registry.h(34): message : see declaration of 'std::shared_ptr<spdlog::logger>'
E:\steel engine\steel\steel\Source\Steel\Layer.hpp(24,26): warning C4251: 'Steel::Layer::myDebugName': class 'std::basic_string<char,std::char_traits<char>,std::allocator<char>>' needs to have dll-interface to be used by clients of class 'Steel::Layer'
C:\Program Files (x86)\Microsoft Visual Studio\2019\Community\VC\Tools\MSVC\14.23.28105\include\xstring(4440): message : see declaration of 'std::basic_string<char,std::char_traits<char>,std::allocator<char>>'
E:\steel engine\steel\steel\Source\Steel\LayerStack.hpp(25,31): warning C4251: 'Steel::LayerStack::myLayers': class 'std::vector<Steel::Layer *,std::allocator<_Ty>>' needs to have dll-interface to be used by clients of class 'Steel::LayerStack'
E:\steel engine\steel\steel\Source\Steel\LayerStack.hpp(25,31): warning C4251:         with
E:\steel engine\steel\steel\Source\Steel\LayerStack.hpp(25,31): warning C4251:         [
E:\steel engine\steel\steel\Source\Steel\LayerStack.hpp(25,31): warning C4251:             _Ty=Steel::Layer *
E:\steel engine\steel\steel\Source\Steel\LayerStack.hpp(25,31): warning C4251:         ]
  pch.cpp
E:\steel engine\steel\steel\Source\Steel\LayerStack.hpp(21): message : see declaration of 'std::vector<Steel::Layer *,std::allocator<_Ty>>'
E:\steel engine\steel\steel\Source\Steel\LayerStack.hpp(21): message :         with
E:\steel engine\steel\steel\Source\Steel\LayerStack.hpp(21): message :         [
E:\steel engine\steel\steel\Source\Steel\LayerStack.hpp(21): message :             _Ty=Steel::Layer *
E:\steel engine\steel\steel\Source\Steel\LayerStack.hpp(21): message :         ]
E:\steel engine\steel\steel\Source\Steel\Debug\Log.hpp(19,56): warning C4251: 'Steel::Log::myEngineLogger': class 'std::shared_ptr<spdlog::logger>' needs to have dll-interface to be used by clients of class 'Steel::Log'
E:\steel engine\steel\steel\ThirdParty\spdlog\include\spdlog\details\registry.h(34): message : see declaration of 'std::shared_ptr<spdlog::logger>'
E:\steel engine\steel\steel\Source\Steel\Debug\Log.hpp(20,54): warning C4251: 'Steel::Log::myGameLogger': class 'std::shared_ptr<spdlog::logger>' needs to have dll-interface to be used by clients of class 'Steel::Log'
E:\steel engine\steel\steel\ThirdParty\spdlog\include\spdlog\details\registry.h(34): message : see declaration of 'std::shared_ptr<spdlog::logger>'
  Steel.vcxproj -> E:\steel engine\steel\steel\..\bin\Release-windows-x86_64\Steel\Steel.lib
